<?xml version="1.0" encoding="UTF-8"?>
<testsuite xmlns:xsi="http://www.w3.org/2001/XMLSchema-instance" xsi:noNamespaceSchemaLocation="https://maven.apache.org/surefire/maven-surefire-plugin/xsd/surefire-test-report.xsd" name="com.SpringGrpcApplicationTest" time="4.744" tests="3" errors="0" skipped="0" failures="0">
  <properties>
[...]
</properties>
  <testcase name="testSayHello" classname="com.SpringGrpcApplicationTest" time="0.757"/>
  <testcase name="testSayHelloAsync" classname="com.SpringGrpcApplicationTest" time="0.082"/>
  <testcase name="testSayHelloToAll" classname="com.SpringGrpcApplicationTest" time="0.019"/>
</testsuite>